<?xml version="1.0" encoding="UTF-8"?>
<testng-results ignored="0" total="1" passed="1" failed="0" skipped="0">
  <reporter-output>
  </reporter-output>
  <suite started-at="2026-03-25T10:36:14 IST" name="Default suite" finished-at="2026-03-25T10:40:28 IST" duration-ms="253484">
    <groups>
      <group name="cucumber">
        <method signature="AbstractTestNGCucumberTests.runScenario(io.cucumber.testng.PickleWrapper,io.cucumber.testng.FeatureWrapper)[pri:0, instance:com.FracProPlus.runner.TestNgRunner@2a266d09]" name="runScenario" class="io.cucumber.testng.AbstractTestNGCucumberTests"/>
      </group> <!-- cucumber -->
    </groups>
    <test started-at="2026-03-25T10:36:14 IST" name="Default test" finished-at="2026-03-25T10:40:28 IST" duration-ms="253484">
      <class name="com.FracProPlus.runner.TestNgRunner">
        <test-method is-config="true" signature="setUpClass(org.testng.ITestContext)[pri:0, instance:com.FracProPlus.runner.TestNgRunner@2a266d09]" started-at="2026-03-25T10:36:15 IST" name="setUpClass" finished-at="2026-03-25T10:36:15 IST" duration-ms="291" status="PASS">
          <params>
            <param index="0">
              <value>
                <![CDATA[org.testng.TestRunner@64ee9290]]>
              </value>
            </param>
          </params>
          <reporter-output>
          </reporter-output>
        </test-method> <!-- setUpClass -->
        <test-method signature="runSaveAndNext()[pri:17, instance:com.FracProPlus.runner.TestNgRunner@2a266d09]" started-at="2026-03-25T10:36:15 IST" name="runSaveAndNext" finished-at="2026-03-25T10:40:28 IST" duration-ms="252496" status="PASS">
          <reporter-output>
          </reporter-output>
        </test-method> <!-- runSaveAndNext -->
        <test-method is-config="true" signature="tearDownClass()[pri:0, instance:com.FracProPlus.runner.TestNgRunner@2a266d09]" started-at="2026-03-25T10:40:28 IST" name="tearDownClass" finished-at="2026-03-25T10:40:28 IST" duration-ms="3" status="PASS">
          <reporter-output>
          </reporter-output>
        </test-method> <!-- tearDownClass -->
      </class> <!-- com.FracProPlus.runner.TestNgRunner -->
    </test> <!-- Default test -->
  </suite> <!-- Default suite -->
</testng-results>
