<?xml version="1.0" encoding="UTF-8"?>
<!-- Generated by org.testng.reporters.JUnitReportReporter -->
<testsuite hostname="DESKTOP-R7NTRCU" failures="0" tests="2" name="com.FracProPlus.runner.TestRunnerCucumberReport" time="154.380" errors="0" timestamp="2025-05-28T19:11:06 IST" skipped="0">
  <testcase classname="com.FracProPlus.runner.TestRunnerCucumberReport" name="runPadCreationFeature" time="115.734"/>
  <testcase classname="com.FracProPlus.runner.TestRunnerCucumberReport" name="runWellAndTreatmentGeneralInfoFeature" time="38.646"/>
</testsuite> <!-- com.FracProPlus.runner.TestRunnerCucumberReport -->
