<?xml version="1.0" encoding="UTF-8"?>
<!-- Generated by org.testng.reporters.JUnitReportReporter -->
<testsuite hostname="Shantanu" failures="0" tests="14" name="com.FracProPlus.runner.TestRunnerTestNg" time="3277.933" errors="0" timestamp="2025-07-03T22:47:25 IST" skipped="0">
  <testcase classname="com.FracProPlus.runner.TestRunnerTestNg" name="runPadCreationFeature" time="571.570"/>
  <testcase classname="com.FracProPlus.runner.TestRunnerTestNg" name="runWellAndTreatmentGeneralInfoFeature" time="68.982"/>
  <testcase classname="com.FracProPlus.runner.TestRunnerTestNg" name="runWellAndTreatmentCommentFeature" time="68.493"/>
  <testcase classname="com.FracProPlus.runner.TestRunnerTestNg" name="runWellboreConfigFeature" time="68.886"/>
  <testcase classname="com.FracProPlus.runner.TestRunnerTestNg" name="runHeatTransferParamsFeature" time="68.807"/>
  <testcase classname="com.FracProPlus.runner.TestRunnerTestNg" name="runReservoirParametersFeature" time="68.731"/>
  <testcase classname="com.FracProPlus.runner.TestRunnerTestNg" name="runAddMaterialFeature" time="68.698"/>
  <testcase classname="com.FracProPlus.runner.TestRunnerTestNg" name="runEditFluidFeature" time="68.721"/>
  <testcase classname="com.FracProPlus.runner.TestRunnerTestNg" name="runFluidRheologyFeature" time="68.434"/>
  <testcase classname="com.FracProPlus.runner.TestRunnerTestNg" name="runEditProppantDataFeature" time="68.672"/>
  <testcase classname="com.FracProPlus.runner.TestRunnerTestNg" name="runTreatmentScheduleFeature" time="1878.038"/>
  <testcase classname="com.FracProPlus.runner.TestRunnerTestNg" name="runTreatmentScheduledTotalFeature" time="73.274"/>
  <testcase classname="com.FracProPlus.runner.TestRunnerTestNg" name="runPlotInWordreportFeature" time="68.284"/>
  <testcase classname="com.FracProPlus.runner.TestRunnerTestNg" name="runPostJobReportFeature" time="68.343"/>
</testsuite> <!-- com.FracProPlus.runner.TestRunnerTestNg -->
